<?xml version="1.0" encoding="UTF-8"?>
<!-- Generated by org.testng.reporters.JUnitReportReporter -->
<testsuite hostname="DESKTOP-0AQAU4D" failures="0" tests="1" name="TestClass_Package.Post_tc_3" time="1.696" errors="0" timestamp="2023-05-24T23:33:13 IST" skipped="0">
  <testcase classname="TestClass_Package.Post_tc_3" name="execute" time="1.696"/>
  <system-out/>
</testsuite> <!-- TestClass_Package.Post_tc_3 -->
